This file contains any messages produced by compilers while
running configure, to aid debugging if configure makes a mistake.

It was created by configure, which was
generated by GNU Autoconf 2.59.  Invocation command line was

  $ /Users/pcwalton/Projects/iphone-binutils/trunk/gdb/src/gdb/configure --disable-shared --enable-64-bit-bfd --disable-softfloat --cache-file=./config.cache --build=i686-apple-darwin8.10.1 --host=i686-apple-darwin8.10.1 --target=arm-apple-darwin --program-transform-name=s,^,arm-apple-darwin-, --srcdir=.././gdb

## --------- ##
## Platform. ##
## --------- ##

hostname = zigzagoon.lan
uname -m = i386
uname -r = 8.10.1
uname -s = Darwin
uname -v = Darwin Kernel Version 8.10.1: Wed May 23 16:33:00 PDT 2007; root:xnu-792.22.5~1/RELEASE_I386

/usr/bin/uname -p = i386
/bin/uname -X     = unknown

/bin/arch              = unknown
/usr/bin/arch -k       = unknown
/usr/convex/getsysinfo = unknown
hostinfo               = Mach kernel version:
	 Darwin Kernel Version 8.10.1: Wed May 23 16:33:00 PDT 2007; root:xnu-792.22.5~1/RELEASE_I386
Kernel configured for up to 2 processors.
2 processors are physically available.
2 processors are logically available.
Processor type: i486 (Intel 80486)
Processors active: 0 1
Primary memory available: 2.00 gigabytes
Default processor set: 99 tasks, 236 threads, 2 processors
Load average: 0.96, Mach factor: 1.05
/bin/machine           = unknown
/usr/bin/oslevel       = unknown
/bin/universe          = unknown

PATH: /Library/Frameworks/Python.framework/Versions/Current/bin
PATH: /sw/bin
PATH: /sw/sbin
PATH: /bin
PATH: /sbin
PATH: /usr/bin
PATH: /usr/sbin
PATH: /usr/local/bin
PATH: /usr/local/teTeX/bin/i386-apple-darwin-current
PATH: /usr/local/bin
PATH: /usr/local/smlnj-110.62/bin
PATH: /usr/X11R6/bin


## ----------- ##
## Core tests. ##
## ----------- ##

configure:1260: loading cache ./config.cache
configure:1350: checking whether to enable maintainer-specific portions of Makefiles
configure:1359: result: no
configure:1383: checking for i686-apple-darwin8.10.1-gcc
configure:1409: result: gcc
configure:1691: checking for C compiler version
configure:1694: gcc --version </dev/null >&5
i686-apple-darwin8-gcc-4.0.1 (GCC) 4.0.1 (Apple Computer, Inc. build 5367)
Copyright (C) 2005 Free Software Foundation, Inc.
This is free software; see the source for copying conditions.  There is NO
warranty; not even for MERCHANTABILITY or FITNESS FOR A PARTICULAR PURPOSE.

configure:1697: $? = 0
configure:1699: gcc -v </dev/null >&5
Using built-in specs.
Target: i686-apple-darwin8
Configured with: /private/var/tmp/gcc/gcc-5367.obj~1/src/configure --disable-checking -enable-werror --prefix=/usr --mandir=/share/man --enable-languages=c,objc,c++,obj-c++ --program-transform-name=/^[cg][^.-]*$/s/$/-4.0/ --with-gxx-include-dir=/include/c++/4.0.0 --with-slibdir=/usr/lib --build=powerpc-apple-darwin8 --with-arch=nocona --with-tune=generic --program-prefix= --host=i686-apple-darwin8 --target=i686-apple-darwin8
Thread model: posix
gcc version 4.0.1 (Apple Computer, Inc. build 5367)
configure:1702: $? = 0
configure:1704: gcc -V </dev/null >&5
gcc: argument to `-V' is missing
configure:1707: $? = 1
configure:1730: checking for C compiler default output file name
configure:1733: gcc -g -O2    conftest.c  >&5
configure:1736: $? = 0
configure:1782: result: a.out
configure:1787: checking whether the C compiler works
configure:1793: ./a.out
configure:1796: $? = 0
configure:1813: result: yes
configure:1820: checking whether we are cross compiling
configure:1822: result: no
configure:1825: checking for suffix of executables
configure:1827: gcc -o conftest -g -O2    conftest.c  >&5
configure:1830: $? = 0
configure:1855: result: 
configure:1861: checking for suffix of object files
configure:1907: result: o
configure:1911: checking whether we are using the GNU C compiler
configure:1967: result: yes
configure:1973: checking whether gcc accepts -g
configure:2024: result: yes
configure:2041: checking for gcc option to accept ANSI C
configure:2148: result: none needed
configure:2166: gcc -c -g -O2   conftest.c >&5
conftest.c:2: error: parse error before 'me'
configure:2172: $? = 1
configure: failed program was:
| #ifndef __cplusplus
|   choke me
| #endif
configure:2317: checking how to run the C preprocessor
configure:2435: result: gcc -E
configure:2459: gcc -E  conftest.c
configure:2465: $? = 0
configure:2497: gcc -E  conftest.c
conftest.c:10:28: error: ac_nonexistent.h: No such file or directory
configure:2503: $? = 1
configure: failed program was:
| /* confdefs.h.  */
| 
| #define PACKAGE_NAME ""
| #define PACKAGE_TARNAME ""
| #define PACKAGE_VERSION ""
| #define PACKAGE_STRING ""
| #define PACKAGE_BUGREPORT ""
| #define _GNU_SOURCE 1
| /* end confdefs.h.  */
| #include <ac_nonexistent.h>
configure:2547: checking for egrep
configure:2557: result: grep -E
configure:2563: checking for AIX
configure:2585: result: no
configure:2591: checking for library containing strerror
configure:2710: result: none required
configure:2720: checking for gcc option to accept ANSI C
configure:2817: result: none needed
configure:2860: checking build system type
configure:2878: result: i686-apple-darwin8.10.1
configure:2886: checking host system type
configure:2900: result: i686-apple-darwin8.10.1
configure:2908: checking target system type
configure:2922: result: arm-apple-darwin
configure:2955: checking whether make sets $(MAKE)
configure:2975: result: yes
configure:2987: checking for i686-apple-darwin8.10.1-ranlib
configure:3013: result: ranlib
configure:3064: checking for ANSI C header files
configure:3217: result: yes
configure:3227: checking for an ANSI C-conforming const
configure:3324: result: yes
configure:3334: checking for inline
configure:3386: result: inline
configure:3419: checking for sys/types.h
configure:3465: result: yes
configure:3419: checking for sys/stat.h
configure:3465: result: yes
configure:3419: checking for stdlib.h
configure:3465: result: yes
configure:3419: checking for string.h
configure:3465: result: yes
configure:3419: checking for memory.h
configure:3465: result: yes
configure:3419: checking for strings.h
configure:3465: result: yes
configure:3419: checking for inttypes.h
configure:3465: result: yes
configure:3419: checking for stdint.h
configure:3465: result: yes
configure:3419: checking for unistd.h
configure:3465: result: yes
configure:3477: checking for off_t
configure:3531: result: yes
configure:3543: checking for size_t
configure:3597: result: yes
configure:3611: checking for working alloca.h
configure:3663: result: yes
configure:3673: checking for alloca
configure:3745: result: yes
configure:3974: checking for stdlib.h
configure:3979: result: yes
configure:3974: checking for unistd.h
configure:3979: result: yes
configure:4123: checking for getpagesize
configure:4211: result: yes
configure:4221: checking for working mmap
configure:4385: result: yes
configure:4411: checking for argz.h
configure:4416: result: no
configure:4411: checking for limits.h
configure:4416: result: yes
configure:4411: checking for locale.h
configure:4416: result: yes
configure:4411: checking for nl_types.h
configure:4416: result: yes
configure:4411: checking for malloc.h
configure:4416: result: no
configure:4411: checking for string.h
configure:4416: result: yes
configure:4411: checking for unistd.h
configure:4416: result: yes
configure:4411: checking for values.h
configure:4416: result: no
configure:4411: checking for sys/param.h
configure:4416: result: yes
configure:4570: checking for getcwd
configure:4658: result: yes
configure:4570: checking for munmap
configure:4658: result: yes
configure:4570: checking for putenv
configure:4658: result: yes
configure:4570: checking for setenv
configure:4658: result: yes
configure:4570: checking for setlocale
configure:4658: result: yes
configure:4570: checking for strchr
configure:4658: result: yes
configure:4570: checking for strcasecmp
configure:4658: result: yes
configure:4570: checking for __argz_count
configure:4658: result: no
configure:4570: checking for __argz_stringify
configure:4658: result: no
configure:4570: checking for __argz_next
configure:4658: result: no
configure:4782: checking for LC_MESSAGES
configure:4834: result: yes
configure:4844: checking whether NLS is requested
configure:4853: result: yes
configure:4865: checking whether included gettext is requested
configure:4875: result: no
configure:4885: checking for libintl.h
configure:4890: result: yes
configure:5022: checking for gettext in libc
configure:5074: result: no
configure:5078: checking for bindtextdomain in -lintl
configure:5140: result: yes
configure:5143: checking for gettext in libintl
configure:5195: result: no
configure:5489: checking for msgfmt
configure:5516: result: /sw/bin/msgfmt
configure:5525: checking for gmsgfmt
configure:5556: result: /sw/bin/msgfmt
configure:5565: checking for xgettext
configure:5592: result: /sw/bin/xgettext
configure:5876: checking for catalogs to be installed
configure:5908: result: 
configure:6109: checking for libunwind.h
configure:6114: result: no
configure:6259: checking for libunwind-ia64.h
configure:6264: result: no
configure:6742: checking for monstartup
configure:6830: result: yes
configure:6742: checking for _mcleanup
configure:6830: result: no
configure:6840: checking for _etext
configure:6894: result: no
configure:7057: checking for ld used by GCC
configure:7120: result: ld
configure:7129: checking if the linker (ld) is GNU ld
configure:7141: result: no
configure:7146: checking for ld option to reload object files
configure:7153: result: -r
configure:7158: checking for BSD-compatible nm
configure:7194: result: nm
configure:7197: checking whether ln -s works
configure:7201: result: yes
configure:7208: checking how to recognise dependant libraries
configure:7376: result: file_magic Mach-O dynamically linked shared library
configure:7528: checking for i686-apple-darwin8.10.1-ranlib
configure:7554: result: ranlib
configure:7608: checking for i686-apple-darwin8.10.1-strip
configure:7637: result: no
configure:7646: checking for strip
configure:7673: result: strip
configure:7930: loading cache ./config.cache
ce PIC
ltconfig:687:checking that gcc PIC flag   -DPIC works.
ltconfig:749: checking if gcc static flag  works
ltconfig:780: finding the maximum length of command line arguments
ltconfig:@lineno@: result: 98305
ltconfig:887: checking if gcc supports -fno-rtti -fno-exceptions
ltconfig:888: gcc -c -g -O2  -fno-rtti -fno-exceptions -c conftest.c  conftest.c 1>&5
ltconfig:1431: checking if global_symbol_pipe works
ltconfig:1432: gcc -c -g -O2   conftest.c 1>&5
ltconfig:1435: eval "nm conftest.o | sed -n -e 's/^.*[ 	]\([BCDEGRST][BCDEGRST]*\)[ 	][ 	]*\(\)\([_A-Za-z][_A-Za-z0-9]*\)$/\1 \2\3 \3/p' > conftest.nm"
cannot find nm_test_var in conftest.nm
ltconfig:1431: checking if global_symbol_pipe works
ltconfig:1432: gcc -c -g -O2   conftest.c 1>&5
ltconfig:1435: eval "nm conftest.o | sed -n -e 's/^.*[ 	]\([BCDEGRST][BCDEGRST]*\)[ 	][ 	]*\(_\)\([_A-Za-z][_A-Za-z0-9]*\)$/\1 \2\3 \3/p' > conftest.nm"
ltconfig:1487: gcc -o conftest -g -O2  -fno-builtin   conftest.c conftstm.o 1>&5
configure:7963: checking for gawk
configure:7989: result: awk
configure:8012: checking for a BSD-compatible install
configure:8067: result: /usr/bin/install -c
configure:8078: checking whether ln -s works
configure:8082: result: yes
configure:8092: checking for i686-apple-darwin8.10.1-ranlib
configure:8118: result: ranlib
configure:8173: checking for bison
configure:8199: result: bison -y
configure:8214: checking for i686-apple-darwin8.10.1-ar
configure:8240: result: ar
configure:8293: checking for i686-apple-darwin8.10.1-dlltool
configure:8319: result: dlltool
configure:8372: checking for i686-apple-darwin8.10.1-windres
configure:8398: result: windres
configure:8453: checking for i686-apple-darwin8.10.1-mig
configure:8482: result: no
configure:8491: checking for mig
configure:8517: result: mig
configure:8536: checking for main in -lm
configure:8592: result: yes
configure:8608: checking for wctype
configure:8696: result: yes
configure:8779: checking for library containing gethostbyname
configure:8898: result: none required
configure:8907: checking for library containing socketpair
configure:9026: result: none required
configure:9043: checking for library containing waddstr
configure:9162: result: -lncurses
configure:9190: checking for library containing tgetent
configure:9309: result: none required
configure:9335: checking for dirent.h that defines DIR
configure:9389: result: yes
configure:9402: checking for library containing opendir
configure:9521: result: none required
configure:9657: checking whether stat file-mode macros are broken
configure:9705: result: no
configure:9715: checking for ANSI C header files
configure:9868: result: yes
configure:9883: checking for nlist.h
configure:9888: result: yes
configure:10032: checking for link.h
configure:10084: result: no
configure:10100: checking for machine/reg.h
configure:10105: result: no
configure:10251: checking for poll.h
configure:10256: result: yes
configure:10251: checking for sys/poll.h
configure:10256: result: yes
configure:10403: checking for proc_service.h
configure:10408: result: no
configure:10403: checking for thread_db.h
configure:10408: result: no
configure:10403: checking for gnu/libc-version.h
configure:10408: result: no
configure:10553: checking for stddef.h
configure:10558: result: yes
configure:10703: checking for stdlib.h
configure:10708: result: yes
configure:10853: checking for stdint.h
configure:10858: result: yes
configure:11005: checking for string.h
configure:11010: result: yes
configure:11005: checking for memory.h
configure:11010: result: yes
configure:11005: checking for strings.h
configure:11010: result: yes
configure:11155: checking for sys/fault.h
configure:11160: result: no
configure:11305: checking for sys/file.h
configure:11310: result: yes
configure:11455: checking for sys/filio.h
configure:11460: result: yes
configure:11605: checking for sys/ioctl.h
configure:11610: result: yes
configure:11755: checking for sys/param.h
configure:11760: result: yes
configure:11904: checking for sys/proc.h
configure:11953: result: yes
configure:11969: checking for sys/procfs.h
configure:11974: result: no
configure:12120: checking for sys/ptrace.h
configure:12125: result: yes
configure:12120: checking for ptrace.h
configure:12125: result: no
configure:12271: checking for sys/reg.h
configure:12276: result: no
configure:12271: checking for sys/debugreg.h
configure:12276: result: no
configure:12421: checking for sys/select.h
configure:12426: result: yes
configure:12571: checking for sys/syscall.h
configure:12576: result: yes
configure:12721: checking for sys/types.h
configure:12726: result: yes
configure:12870: checking for sys/user.h
configure:12919: result: yes
configure:12936: checking for sys/wait.h
configure:12941: result: yes
configure:12936: checking for wait.h
configure:12941: result: no
configure:13088: checking for termios.h
configure:13093: result: yes
configure:13088: checking for termio.h
configure:13093: result: no
configure:13088: checking for sgtty.h
configure:13093: result: yes
configure:13238: checking for unistd.h
configure:13243: result: yes
configure:13405: checking for curses.h
configure:13410: result: yes
configure:13405: checking for cursesX.h
configure:13410: result: no
configure:13405: checking for ncurses.h
configure:13410: result: yes
configure:13405: checking for ncurses/ncurses.h
configure:13410: result: no
configure:13555: checking for ncurses/term.h
configure:13560: result: no
configure:13704: checking for term.h
configure:13753: result: yes
configure:13773: checking for ctype.h
configure:13778: result: yes
configure:13773: checking for time.h
configure:13778: result: yes
configure:13923: checking whether free is declared
configure:13977: result: yes
configure:13993: checking whether malloc is declared
configure:14047: result: yes
configure:14063: checking whether realloc is declared
configure:14117: result: yes
configure:14135: checking whether strerror is declared
configure:14189: result: yes
configure:14205: checking whether strstr is declared
configure:14259: result: yes
configure:14277: checking whether getopt is declared
configure:14331: result: yes
configure:14347: checking whether snprintf is declared
configure:14401: result: yes
configure:14417: checking whether vsnprintf is declared
configure:14471: result: yes
configure:14494: checking for struct stat.st_blocks
configure:14593: result: yes
configure:14604: checking for struct stat.st_blksize
configure:14703: result: yes
configure:14719: checking return type of signal handlers
configure:14780: result: void
configure:14788: checking for socklen_t
configure:14845: result: yes
configure:14856: checking for uintptr_t
configure:14911: result: yes
configure:14927: checking for an ANSI C-conforming const
configure:15024: result: yes
configure:15034: checking for inline
configure:15086: result: inline
configure:15112: checking for working alloca.h
configure:15164: result: yes
configure:15174: checking for alloca
configure:15246: result: yes
configure:15475: checking for stdlib.h
configure:15480: result: yes
configure:15475: checking for unistd.h
configure:15480: result: yes
configure:15624: checking for getpagesize
configure:15712: result: yes
configure:15722: checking for working mmap
configure:15886: result: yes
configure:15897: checking for pid_t
configure:15951: result: yes
configure:15969: checking for unistd.h
configure:15974: result: yes
configure:15969: checking for vfork.h
configure:15974: result: no
configure:16119: checking for fork
configure:16207: result: yes
configure:16119: checking for vfork
configure:16207: result: yes
configure:16218: checking for working fork
configure:16263: result: yes
configure:16284: checking for working vfork
configure:16417: result: yes
configure:16453: checking for canonicalize_file_name
configure:16541: result: no
configure:16453: checking for realpath
configure:16541: result: yes
configure:16556: checking for getuid
configure:16644: result: yes
configure:16556: checking for getgid
configure:16644: result: yes
configure:16658: checking for poll
configure:16746: result: yes
configure:16760: checking for pread64
configure:16848: result: no
configure:16862: checking for sbrk
configure:16950: result: yes
configure:16965: checking for setpgid
configure:17053: result: yes
configure:16965: checking for setpgrp
configure:17053: result: yes
configure:17069: checking for sigaction
configure:17157: result: yes
configure:17069: checking for sigprocmask
configure:17157: result: yes
configure:17069: checking for sigsetmask
configure:17157: result: yes
configure:17171: checking for socketpair
configure:17259: result: yes
configure:17273: checking for syscall
configure:17361: result: yes
configure:17375: checking for ttrace
configure:17463: result: no
configure:17477: checking for wborder
configure:17565: result: yes
configure:17590: checking whether ptrace is declared
configure:17645: result: yes
configure:17667: checking return type of ptrace
configure:17718: result: int
configure:17726: checking types of arguments for ptrace
configure:17843: result: int,pid_t,caddr_t,int
configure:17863: checking whether setpgrp takes no argument
configure:17917: result: no
configure:17998: checking for sigsetjmp
configure:18051: result: yes
configure:18066: checking for GNU regex
configure:18120: result: no
configure:18143: checking for struct thread.td_pcb
configure:18248: result: no
configure:18261: checking for struct lwp
configure:18313: result: no
configure:18324: checking for struct reg in machine/reg.h
configure:18376: result: no
configure:18388: checking for struct reg.r_fs
configure:18489: result: no
configure:18499: checking for struct reg.r_gs
configure:18600: result: no
configure:18613: checking for PTRACE_GETREGS
configure:18665: result: no
configure:18676: checking for PTRACE_GETFPXREGS
configure:18728: result: no
configure:18739: checking for PT_GETDBREGS
configure:18792: result: no
configure:18803: checking for PT_GETXMMREGS
configure:18856: result: no
configure:18919: checking for xml2-config
configure:18950: result: /sw/bin/xml2-config
configure:18959: checking for libxml2 includes
configure:18962: result: -I/sw/include/libxml2 -I/sw/include
configure:18964: checking for libxml2 libraries
configure:18967: result: -L/sw/lib -lxml2 -lz -lpthread -L/sw/lib -liconv -lm
configure:18976: checking for libxml/parser.h
configure:18981: result: yes
configure:18976: checking for libxml/tree.h
configure:18981: result: yes
configure:19122: checking for xmlParseFile in -lxml2
configure:19184: result: yes
configure:19211: checking for Carbon framework
configure:20531: checking for long long support in compiler
configure:20582: result: yes
configure:20594: checking for long long support in printf
configure:20647: result: yes
configure:20662: checking for long double support in compiler
configure:20706: result: yes
configure:20718: checking for long double support in printf
configure:20767: result: yes
configure:20779: checking for long double support in scanf
configure:20828: result: yes
configure:21294: checking whether <sys/syscall.h> has __NR_tkill
configure:21347: result: no
configure:21457: checking compiler warning flags
configure:21483: gcc -c -g -O2  -Wimplicit  -I/sw/include/libxml2 -I/sw/include conftest.c >&5
configure:21489: $? = 0
configure:21493: test -z 
			 || test ! -s conftest.err
configure:21496: $? = 0
configure:21499: test -s conftest.o
configure:21502: $? = 0
configure:21483: gcc -c -g -O2  -Wreturn-type  -I/sw/include/libxml2 -I/sw/include conftest.c >&5
configure:21489: $? = 0
configure:21493: test -z 
			 || test ! -s conftest.err
configure:21496: $? = 0
configure:21499: test -s conftest.o
configure:21502: $? = 0
configure:21483: gcc -c -g -O2  -Wcomment  -I/sw/include/libxml2 -I/sw/include conftest.c >&5
configure:21489: $? = 0
configure:21493: test -z 
			 || test ! -s conftest.err
configure:21496: $? = 0
configure:21499: test -s conftest.o
configure:21502: $? = 0
configure:21483: gcc -c -g -O2  -Wtrigraphs  -I/sw/include/libxml2 -I/sw/include conftest.c >&5
configure:21489: $? = 0
configure:21493: test -z 
			 || test ! -s conftest.err
configure:21496: $? = 0
configure:21499: test -s conftest.o
configure:21502: $? = 0
configure:21483: gcc -c -g -O2  -Wformat  -I/sw/include/libxml2 -I/sw/include conftest.c >&5
configure:21489: $? = 0
configure:21493: test -z 
			 || test ! -s conftest.err
configure:21496: $? = 0
configure:21499: test -s conftest.o
configure:21502: $? = 0
configure:21483: gcc -c -g -O2  -Wparentheses  -I/sw/include/libxml2 -I/sw/include conftest.c >&5
configure:21489: $? = 0
configure:21493: test -z 
			 || test ! -s conftest.err
configure:21496: $? = 0
configure:21499: test -s conftest.o
configure:21502: $? = 0
configure:21483: gcc -c -g -O2  -Wpointer-arith  -I/sw/include/libxml2 -I/sw/include conftest.c >&5
configure:21489: $? = 0
configure:21493: test -z 
			 || test ! -s conftest.err
configure:21496: $? = 0
configure:21499: test -s conftest.o
configure:21502: $? = 0
configure:21483: gcc -c -g -O2  -Wformat-nonliteral  -I/sw/include/libxml2 -I/sw/include conftest.c >&5
cc1: warning: -Wformat-nonliteral ignored without -Wformat
configure:21489: $? = 0
configure:21493: test -z 
			 || test ! -s conftest.err
configure:21496: $? = 0
configure:21499: test -s conftest.o
configure:21502: $? = 0
configure:21483: gcc -c -g -O2  -Wunused-label  -I/sw/include/libxml2 -I/sw/include conftest.c >&5
configure:21489: $? = 0
configure:21493: test -z 
			 || test ! -s conftest.err
configure:21496: $? = 0
configure:21499: test -s conftest.o
configure:21502: $? = 0
configure:21483: gcc -c -g -O2  -Wunused-function  -I/sw/include/libxml2 -I/sw/include conftest.c >&5
configure:21489: $? = 0
configure:21493: test -z 
			 || test ! -s conftest.err
configure:21496: $? = 0
configure:21499: test -s conftest.o
configure:21502: $? = 0
configure:21483: gcc -c -g -O2  -Wuninitialized  -I/sw/include/libxml2 -I/sw/include conftest.c >&5
configure:21489: $? = 0
configure:21493: test -z 
			 || test ! -s conftest.err
configure:21496: $? = 0
configure:21499: test -s conftest.o
configure:21502: $? = 0
configure:21514: result:  -Wimplicit -Wreturn-type -Wcomment -Wtrigraphs -Wformat -Wparentheses -Wpointer-arith -Wformat-nonliteral -Wunused-label -Wunused-function -Wuninitialized
configure:21521: checking for cygwin
configure:21546: result: no
configure:22651: checking for X
configure:22881: result: libraries /usr/X11R6/lib, headers /usr/X11R6/include
configure:23186: checking for iconv
configure:23298: result: yes
configure:23306: checking for iconv declaration
configure:23374: result: 
         extern size_t iconv (iconv_t cd, const char * *inbuf, size_t *inbytesleft, char * *outbuf, size_t *outbytesleft);
configure:23494: creating ./config.status

## ---------------------- ##
## Running config.status. ##
## ---------------------- ##

This file was extended by config.status, which was
generated by GNU Autoconf 2.59.  Invocation command line was

  CONFIG_FILES    = 
  CONFIG_HEADERS  = 
  CONFIG_LINKS    = 
  CONFIG_COMMANDS = 
  $ ./config.status 

on zigzagoon.lan

config.status:814: creating Makefile
config.status:814: creating .gdbinit
config.status:911: creating config.h
config.status:1299: config.h is unchanged
config.status:1356: linking .././gdb/config/arm/tm-arm-macosx.h to tm.h
config.status:1593: executing default commands
configure:24993: configuring in doc
configure:25110: running /bin/sh '../.././gdb/doc/configure' --prefix=/usr/local  '--disable-shared' '--enable-64-bit-bfd' '--disable-softfloat' '--cache-file=./config.cache' '--build=i686-apple-darwin8.10.1' '--host=i686-apple-darwin8.10.1' '--target=arm-apple-darwin' '--program-transform-name=s,^,arm-apple-darwin-,' '--srcdir=.././gdb' 'CC=gcc' 'CFLAGS=-g -O2 ' 'LDFLAGS=' 'build_alias=i686-apple-darwin8.10.1' 'host_alias=i686-apple-darwin8.10.1' 'target_alias=arm-apple-darwin' --cache-file=.././config.cache --srcdir=../.././gdb/doc
configure:24993: configuring in testsuite
configure:25110: running /bin/sh '../.././gdb/testsuite/configure' --prefix=/usr/local  '--disable-shared' '--enable-64-bit-bfd' '--disable-softfloat' '--cache-file=./config.cache' '--build=i686-apple-darwin8.10.1' '--host=i686-apple-darwin8.10.1' '--target=arm-apple-darwin' '--program-transform-name=s,^,arm-apple-darwin-,' '--srcdir=.././gdb' 'CC=gcc' 'CFLAGS=-g -O2 ' 'LDFLAGS=' 'build_alias=i686-apple-darwin8.10.1' 'host_alias=i686-apple-darwin8.10.1' 'target_alias=arm-apple-darwin' --cache-file=.././config.cache --srcdir=../.././gdb/testsuite

## ---------------- ##
## Cache variables. ##
## ---------------- ##

ac_cv_archive_cmds_needs_lc=yes
ac_cv_build=i686-apple-darwin8.10.1
ac_cv_build_alias=i686-apple-darwin8.10.1
ac_cv_c_compiler_gnu=yes
ac_cv_c_const=yes
ac_cv_c_inline=inline
ac_cv_env_CC_set=set
ac_cv_env_CC_value=gcc
ac_cv_env_CFLAGS_set=set
ac_cv_env_CFLAGS_value='-g -O2 '
ac_cv_env_CPPFLAGS_set=
ac_cv_env_CPPFLAGS_value=
ac_cv_env_CPP_set=
ac_cv_env_CPP_value=
ac_cv_env_LDFLAGS_set=set
ac_cv_env_LDFLAGS_value=
ac_cv_env_build_alias_set=set
ac_cv_env_build_alias_value=i686-apple-darwin8.10.1
ac_cv_env_host_alias_set=set
ac_cv_env_host_alias_value=i686-apple-darwin8.10.1
ac_cv_env_target_alias_set=set
ac_cv_env_target_alias_value=arm-apple-darwin
ac_cv_exeext=
ac_cv_func___argz_count=no
ac_cv_func___argz_next=no
ac_cv_func___argz_stringify=no
ac_cv_func__mcleanup=no
ac_cv_func_alloca_works=yes
ac_cv_func_canonicalize_file_name=no
ac_cv_func_fork=yes
ac_cv_func_fork_works=yes
ac_cv_func_getcwd=yes
ac_cv_func_getgid=yes
ac_cv_func_getpagesize=yes
ac_cv_func_getuid=yes
ac_cv_func_mmap_fixed_mapped=yes
ac_cv_func_monstartup=yes
ac_cv_func_munmap=yes
ac_cv_func_poll=yes
ac_cv_func_pread64=no
ac_cv_func_putenv=yes
ac_cv_func_realpath=yes
ac_cv_func_sbrk=yes
ac_cv_func_setenv=yes
ac_cv_func_setlocale=yes
ac_cv_func_setpgid=yes
ac_cv_func_setpgrp=yes
ac_cv_func_setpgrp_void=no
ac_cv_func_sigaction=yes
ac_cv_func_sigprocmask=yes
ac_cv_func_sigsetmask=yes
ac_cv_func_socketpair=yes
ac_cv_func_stpcpy=yes
ac_cv_func_strcasecmp=yes
ac_cv_func_strchr=yes
ac_cv_func_syscall=yes
ac_cv_func_ttrace=no
ac_cv_func_vfork=yes
ac_cv_func_vfork_works=yes
ac_cv_func_wborder=yes
ac_cv_func_wctype=yes
ac_cv_have_decl_free=yes
ac_cv_have_decl_getopt=yes
ac_cv_have_decl_malloc=yes
ac_cv_have_decl_ptrace=yes
ac_cv_have_decl_realloc=yes
ac_cv_have_decl_snprintf=yes
ac_cv_have_decl_strerror=yes
ac_cv_have_decl_strstr=yes
ac_cv_have_decl_vsnprintf=yes
ac_cv_have_x='have_x=yes 		ac_x_includes=/usr/X11R6/include ac_x_libraries=/usr/X11R6/lib'
ac_cv_header_argz_h=no
ac_cv_header_ctype_h=yes
ac_cv_header_cursesX_h=no
ac_cv_header_curses_h=yes
ac_cv_header_dirent_dirent_h=yes
ac_cv_header_gnu_libc_version_h=no
ac_cv_header_inttypes_h=yes
ac_cv_header_libintl_h=yes
ac_cv_header_libunwind_h=no
ac_cv_header_libunwind_ia64_h=no
ac_cv_header_libxml_parser_h=yes
ac_cv_header_libxml_tree_h=yes
ac_cv_header_limits_h=yes
ac_cv_header_link_h=no
ac_cv_header_locale_h=yes
ac_cv_header_machine_reg_h=no
ac_cv_header_malloc_h=no
ac_cv_header_memory_h=yes
ac_cv_header_ncurses_h=yes
ac_cv_header_ncurses_ncurses_h=no
ac_cv_header_ncurses_term_h=no
ac_cv_header_nl_types_h=yes
ac_cv_header_nlist_h=yes
ac_cv_header_poll_h=yes
ac_cv_header_proc_service_h=no
ac_cv_header_pthread_h=yes
ac_cv_header_ptrace_h=no
ac_cv_header_sgtty_h=yes
ac_cv_header_stat_broken=no
ac_cv_header_stdc=yes
ac_cv_header_stddef_h=yes
ac_cv_header_stdint_h=yes
ac_cv_header_stdlib_h=yes
ac_cv_header_string_h=yes
ac_cv_header_strings_h=yes
ac_cv_header_sys_debugreg_h=no
ac_cv_header_sys_fault_h=no
ac_cv_header_sys_file_h=yes
ac_cv_header_sys_filio_h=yes
ac_cv_header_sys_ioctl_h=yes
ac_cv_header_sys_param_h=yes
ac_cv_header_sys_poll_h=yes
ac_cv_header_sys_proc_h=yes
ac_cv_header_sys_procfs_h=no
ac_cv_header_sys_ptrace_h=yes
ac_cv_header_sys_reg_h=no
ac_cv_header_sys_select_h=yes
ac_cv_header_sys_stat_h=yes
ac_cv_header_sys_syscall_h=yes
ac_cv_header_sys_types_h=yes
ac_cv_header_sys_user_h=yes
ac_cv_header_sys_wait_h=yes
ac_cv_header_term_h=yes
ac_cv_header_termio_h=no
ac_cv_header_termios_h=yes
ac_cv_header_thread_db_h=no
ac_cv_header_time_h=yes
ac_cv_header_unistd_h=yes
ac_cv_header_values_h=no
ac_cv_header_vfork_h=no
ac_cv_header_wait_h=no
ac_cv_host=i686-apple-darwin8.10.1
ac_cv_host_alias=i686-apple-darwin8.10.1
ac_cv_lib_intl_bindtextdomain=yes
ac_cv_lib_m_main=yes
ac_cv_lib_xml2_xmlParseFile=yes
ac_cv_member_struct_reg_r_fs=no
ac_cv_member_struct_reg_r_gs=no
ac_cv_member_struct_stat_st_blksize=yes
ac_cv_member_struct_stat_st_blocks=yes
ac_cv_member_struct_thread_td_pcb=no
ac_cv_objext=o
ac_cv_path_GMSGFMT=/sw/bin/msgfmt
ac_cv_path_LIBXML2_CONFIG=/sw/bin/xml2-config
ac_cv_path_MSGFMT=/sw/bin/msgfmt
ac_cv_path_XGETTEXT=/sw/bin/xgettext
ac_cv_path_install='/usr/bin/install -c'
ac_cv_prog_AR=ar
ac_cv_prog_AWK=awk
ac_cv_prog_CC=gcc
ac_cv_prog_CPP='gcc -E'
ac_cv_prog_DLLTOOL=dlltool
ac_cv_prog_RANLIB=ranlib
ac_cv_prog_WINDRES=windres
ac_cv_prog_YACC='bison -y'
ac_cv_prog_ac_ct_MIG=mig
ac_cv_prog_ac_ct_STRIP=strip
ac_cv_prog_cc_can_build_shared=yes
ac_cv_prog_cc_g=yes
ac_cv_prog_cc_no_builtin=
ac_cv_prog_cc_pic='  -DPIC'
ac_cv_prog_cc_pic_works=yes
ac_cv_prog_cc_shlib=
ac_cv_prog_cc_static=
ac_cv_prog_cc_static_works=no
ac_cv_prog_cc_stdc=
ac_cv_prog_cc_wl=-Wl,
ac_cv_prog_egrep='grep -E'
ac_cv_prog_make_make_set=yes
ac_cv_search_gethostbyname='none required'
ac_cv_search_opendir='none required'
ac_cv_search_socketpair='none required'
ac_cv_search_strerror='none required'
ac_cv_search_tgetent='none required'
ac_cv_search_waddstr=-lncurses
ac_cv_target=arm-apple-darwin
ac_cv_target_alias=arm-apple-darwin
ac_cv_type_off_t=yes
ac_cv_type_pid_t=yes
ac_cv_type_signal=void
ac_cv_type_size_t=yes
ac_cv_type_socklen_t=yes
ac_cv_type_uintptr_t=yes
ac_cv_var__etext=no
ac_cv_working_alloca_h=yes
am_cv_func_iconv=yes
am_cv_lib_iconv=yes
am_cv_prog_cc_stdc=
am_cv_proto_iconv='extern size_t iconv (iconv_t cd, const char * *inbuf, size_t *inbytesleft, char * *outbuf, size_t *outbytesleft);'
am_cv_proto_iconv_arg1=const
am_cv_val_LC_MESSAGES=yes
gdb_cv_c_long_double=yes
gdb_cv_c_long_long=yes
gdb_cv_func_ptrace_args=int,pid_t,caddr_t,int
gdb_cv_func_ptrace_ret=int
gdb_cv_func_sigsetjmp=yes
gdb_cv_have_gnu_regex=no
gdb_cv_have_pt_getdbregs=no
gdb_cv_have_pt_getxmmregs=no
gdb_cv_have_ptrace_getfpxregs=no
gdb_cv_have_ptrace_getregs=no
gdb_cv_os_cygwin=no
gdb_cv_printf_has_long_double=yes
gdb_cv_printf_has_long_long=yes
gdb_cv_scanf_has_long_double=yes
gdb_cv_struct_lwp=no
gdb_cv_struct_reg=no
gdb_cv_sys_syscall_h_has_tkill=no
gt_cv_func_gettext_libc=no
gt_cv_func_gettext_libintl=no
lt_cv_compiler_c_o=yes
lt_cv_deplibs_check_method='file_magic Mach-O dynamically linked shared library'
lt_cv_file_magic_cmd='/usr/bin/file -L'
lt_cv_file_magic_test_file=/usr/lib/libSystem.dylib
lt_cv_ld_reload_flag=-r
lt_cv_path_LD=ld
lt_cv_path_NM=nm
lt_cv_prog_cc_pic=-fno-common
lt_cv_prog_gnu_ld=no
lt_cv_sys_max_cmd_len=98305
nls_cv_force_use_gnu_gettext=no
nls_cv_header_intl=libintl.h
nls_cv_header_libgt=libgettext.h
nls_cv_use_gnu_gettext=yes

## ----------------- ##
## Output variables. ##
## ----------------- ##

ALLOCA=''
AR='ar'
AWK='awk'
CARBON_LIBS='-framework Carbon'
CATALOGS=''
CATOBJEXT='.gmo'
CC='gcc'
CFLAGS='-g -O2 '
CONFIG_ALL=' all-po'
CONFIG_CLEAN=' clean-po'
CONFIG_DEPS=' $(SUBDIR_CLI_DEPS) $(SUBDIR_MI_DEPS)'
CONFIG_INSTALL=' install-po'
CONFIG_LDFLAGS=''
CONFIG_OBS=' $(SUBDIR_CLI_OBS) $(SUBDIR_MI_OBS)'
CONFIG_SRCS=' $(SUBDIR_CLI_SRCS) $(SUBDIR_MI_SRCS)'
CONFIG_UNINSTALL=' uninstall-po'
CPP='gcc -E'
CPPFLAGS=' -I/sw/include/libxml2 -I/sw/include'
DATADIRNAME='share'
DEFS='-DHAVE_CONFIG_H'
DLLTOOL='dlltool'
ECHO_C=''
ECHO_N='-n'
ECHO_T=''
EGREP='grep -E'
ENABLE_CFLAGS=' $(SUBDIR_CLI_CFLAGS) $(SUBDIR_MI_CFLAGS)'
EXEEXT=''
GDBTKLIBS=''
GDBTK_CFLAGS=''
GDBTK_SRC_DIR=''
GMOFILES=''
GMSGFMT='/sw/bin/msgfmt'
GT_NO=''
GT_YES='#YES#'
GUI_CFLAGS_X='-I.././gdb/../libgui/src'
IGNORE_SIM='SIM='
IGNORE_SIM_OBS='SIM_OBS='
INCLUDE_LOCALE_H='#include <locale.h>'
INSTALL_DATA='${INSTALL} -m 644'
INSTALL_PROGRAM='${INSTALL}'
INSTALL_SCRIPT='${INSTALL}'
INSTOBJEXT='.mo'
INTLDEPS='$(top_builddir)/../intl/.libs/libintl.a'
INTLLIBS='$(top_builddir)/../intl/.libs/libintl.a'
INTLOBJS='$(GETTOBJS)'
ITCLHDIR=''
ITCLLIB=''
ITCL_BUILD_INCLUDES=''
ITCL_BUILD_LIB_SPEC=''
ITCL_DEFS=''
ITCL_DEPS=''
ITCL_LIB_SPEC=''
ITCL_VERSION=''
ITKHDIR=''
ITKLIB=''
ITK_BUILD_INCLUDES=''
ITK_BUILD_LIB_SPEC=''
ITK_DEFS=''
ITK_DEPS=''
ITK_LIB_SPEC=''
ITK_VERSION=''
LDFLAGS=''
LIBGUI='../libgui/src/libgui.a'
LIBICONV='-liconv'
LIBOBJS=''
LIBS='-lxml2 -lncurses -lm '
LIBTOOL='$(SHELL) $(top_builddir)/libtool'
LIBXML2_CONFIG='/sw/bin/xml2-config'
LIBXML2_INCLUDES='-I/sw/include/libxml2 -I/sw/include'
LIBXML2_LIBS='-L/sw/lib -lxml2 -lz -lpthread -L/sw/lib -liconv -lm'
LN_S='ln -s'
LTLIBOBJS=''
MAINT='#'
MAINTAINER_MODE_FALSE=''
MAINTAINER_MODE_TRUE='#'
MIG='mig'
MKINSTALLDIRS='$(srcdir)/../../mkinstalldirs'
MSGFMT='/sw/bin/msgfmt'
OBJEXT='o'
PACKAGE='gdb'
PACKAGE_BUGREPORT=''
PACKAGE_NAME=''
PACKAGE_STRING=''
PACKAGE_TARNAME=''
PACKAGE_VERSION=''
PATH_SEPARATOR=':'
POFILES=''
POSUB='po'
PROFILE_CFLAGS=''
RANLIB='ranlib'
SER_HARDWIRE='ser-base.o ser-unix.o ser-pipe.o ser-tcp.o'
SET_MAKE=''
SHELL='/bin/sh'
STRIP='strip'
TARGET_SYSTEM_ROOT=''
TARGET_SYSTEM_ROOT_DEFINE='-DTARGET_SYSTEM_ROOT=\"\"'
TCLHDIR=''
TCL_BUILD_LIB_SPEC=''
TCL_CC=''
TCL_CC_SEARCH_FLAGS=''
TCL_COMPAT_OBJS=''
TCL_DEFS=''
TCL_DEPS=''
TCL_DL_LIBS=''
TCL_LD_FLAGS=''
TCL_LD_SEARCH_FLAGS=''
TCL_LIB_SPEC=''
TCL_LIB_VERSIONS_OK=''
TCL_MAJOR_VERSION=''
TCL_MINOR_VERSION=''
TCL_RANLIB=''
TCL_SHLIB_CFLAGS=''
TCL_SHLIB_LD=''
TCL_SHLIB_LD_LIBS=''
TCL_SHLIB_SUFFIX=''
TCL_VERSION=''
TKHDIR=''
TK_BUILD_INCLUDES=''
TK_BUILD_LIB_SPEC=''
TK_DEFS=''
TK_DEPS=''
TK_LIB_SPEC=''
TK_VERSION=''
TK_XINCLUDES=''
TK_XLIBSW=''
USE_INCLUDED_LIBINTL='yes'
USE_NLS='yes'
WARN_CFLAGS=' -Wimplicit -Wreturn-type -Wcomment -Wtrigraphs -Wformat -Wparentheses -Wpointer-arith -Wformat-nonliteral -Wunused-label -Wunused-function -Wuninitialized'
WERROR_CFLAGS=''
WIN32LDAPP=''
WIN32LIBS=''
WINDRES='windres'
XGETTEXT='/sw/bin/xgettext'
X_CFLAGS=''
X_LDFLAGS=''
X_LIBS=''
YACC='bison -y'
ac_ct_AR=''
ac_ct_CC=''
ac_ct_DLLTOOL=''
ac_ct_MIG='mig'
ac_ct_RANLIB=''
ac_ct_STRIP='strip'
ac_ct_WINDRES=''
bindir='${exec_prefix}/bin'
build='i686-apple-darwin8.10.1'
build_alias='i686-apple-darwin8.10.1'
build_cpu='i686'
build_os='darwin8.10.1'
build_vendor='apple'
datadir='${prefix}/share'
exec_prefix='${prefix}'
frags=' .././gdb/config/arm/macosx.mt'
host='i686-apple-darwin8.10.1'
host_alias='i686-apple-darwin8.10.1'
host_cpu='i686'
host_os='darwin8.10.1'
host_vendor='apple'
includedir='${prefix}/include'
infodir='${prefix}/info'
l='l'
libdir='${exec_prefix}/lib'
libexecdir='${exec_prefix}/libexec'
localedir='${datadir}/locale'
localstatedir='${prefix}/var'
mandir='${prefix}/man'
nm_h=''
oldincludedir='/usr/include'
prefix='/usr/local'
program_transform_name='s,^,arm-apple-darwin-,'
sbindir='${exec_prefix}/sbin'
sharedstatedir='${prefix}/com'
subdirs=' doc testsuite'
sysconfdir='${prefix}/etc'
target='arm-apple-darwin'
target_alias='arm-apple-darwin'
target_cpu='arm'
target_os='darwin'
target_subdir='arm-apple-darwin/'
target_vendor='apple'
tm_h='tm.h'
xm_h=''

## ------------- ##
## Output files. ##
## ------------- ##

host_makefile_frag='/dev/null'
target_makefile_frag='.././gdb/config/arm/macosx.mt'

## ----------- ##
## confdefs.h. ##
## ----------- ##

#define CC_HAS_LONG_LONG 1
#define DEBUGDIR "/usr/local/lib/debug"
#define DEFAULT_BFD_ARCH bfd_arm_arch
#define DEFAULT_BFD_VEC mach_o_le_vec
#define ENABLE_NLS 1
#define GDB_HOST_DOUBLE_FORMAT &floatformat_ieee_double_little
#define GDB_HOST_FLOAT_FORMAT &floatformat_ieee_single_little
#define GDB_HOST_LONG_DOUBLE_FORMAT &floatformat_i387_ext
#define GDB_TM_FILE "config/arm/tm-arm-macosx.h"
#define HAVE_ALLOCA 1
#define HAVE_ALLOCA 1
#define HAVE_ALLOCA_H 1
#define HAVE_ALLOCA_H 1
#define HAVE_CTYPE_H 1
#define HAVE_CURSES_H 1
#define HAVE_DECL_FREE 1
#define HAVE_DECL_GETOPT 1
#define HAVE_DECL_MALLOC 1
#define HAVE_DECL_PTRACE 1
#define HAVE_DECL_REALLOC 1
#define HAVE_DECL_SNPRINTF 1
#define HAVE_DECL_STRERROR 1
#define HAVE_DECL_STRSTR 1
#define HAVE_DECL_VSNPRINTF 1
#define HAVE_DIRENT_H 1
#define HAVE_FORK 1
#define HAVE_GETCWD 1
#define HAVE_GETGID 1
#define HAVE_GETPAGESIZE 1
#define HAVE_GETPAGESIZE 1
#define HAVE_GETUID 1
#define HAVE_ICONV 1
#define HAVE_INTTYPES_H 1
#define HAVE_LC_MESSAGES 1
#define HAVE_LIBM 1
#define HAVE_LIBXML2 1
#define HAVE_LIBXML_PARSER_H 1
#define HAVE_LIBXML_TREE_H 1
#define HAVE_LIMITS_H 1
#define HAVE_LOCALE_H 1
#define HAVE_LONG_DOUBLE 1
#define HAVE_MEMORY_H 1
#define HAVE_MEMORY_H 1
#define HAVE_MMAP 1
#define HAVE_MMAP 1
#define HAVE_MONSTARTUP 1
#define HAVE_MUNMAP 1
#define HAVE_NCURSES_H 1
#define HAVE_NLIST_H 1
#define HAVE_NL_TYPES_H 1
#define HAVE_POLL 1
#define HAVE_POLL_H 1
#define HAVE_PUTENV 1
#define HAVE_REALPATH 1
#define HAVE_SBRK 1
#define HAVE_SETENV 1
#define HAVE_SETLOCALE 1
#define HAVE_SETPGID 1
#define HAVE_SETPGRP 1
#define HAVE_SGTTY_H 1
#define HAVE_SIGACTION 1
#define HAVE_SIGPROCMASK 1
#define HAVE_SIGSETJMP 1
#define HAVE_SIGSETMASK 1
#define HAVE_SOCKETPAIR 1
#define HAVE_SOCKLEN_T 1
#define HAVE_STDDEF_H 1
#define HAVE_STDINT_H 1
#define HAVE_STDINT_H 1
#define HAVE_STDLIB_H 1
#define HAVE_STDLIB_H 1
#define HAVE_STDLIB_H 1
#define HAVE_STDLIB_H 1
#define HAVE_STPCPY 1
#define HAVE_STRCASECMP 1
#define HAVE_STRCHR 1
#define HAVE_STRINGS_H 1
#define HAVE_STRINGS_H 1
#define HAVE_STRING_H 1
#define HAVE_STRING_H 1
#define HAVE_STRING_H 1
#define HAVE_STRUCT_STAT_ST_BLKSIZE 1
#define HAVE_STRUCT_STAT_ST_BLOCKS 1
#define HAVE_SYSCALL 1
#define HAVE_SYS_FILE_H 1
#define HAVE_SYS_FILIO_H 1
#define HAVE_SYS_IOCTL_H 1
#define HAVE_SYS_PARAM_H 1
#define HAVE_SYS_PARAM_H 1
#define HAVE_SYS_POLL_H 1
#define HAVE_SYS_PROC_H 1
#define HAVE_SYS_PTRACE_H 1
#define HAVE_SYS_SELECT_H 1
#define HAVE_SYS_STAT_H 1
#define HAVE_SYS_SYSCALL_H 1
#define HAVE_SYS_TYPES_H 1
#define HAVE_SYS_TYPES_H 1
#define HAVE_SYS_USER_H 1
#define HAVE_SYS_WAIT_H 1
#define HAVE_TERMIOS_H 1
#define HAVE_TERM_H 1
#define HAVE_TIME_H 1
#define HAVE_UINTPTR_T 1
#define HAVE_UNISTD_H 1
#define HAVE_UNISTD_H 1
#define HAVE_UNISTD_H 1
#define HAVE_UNISTD_H 1
#define HAVE_UNISTD_H 1
#define HAVE_UNISTD_H 1
#define HAVE_VFORK 1
#define HAVE_WBORDER 1
#define HAVE_WORKING_FORK 1
#define HAVE_WORKING_VFORK 1
#define ICONV_CONST const
#define LIBXML2_IS_USABLE 1
#define PACKAGE "gdb"
#define PACKAGE_BUGREPORT ""
#define PACKAGE_NAME ""
#define PACKAGE_STRING ""
#define PACKAGE_TARNAME ""
#define PACKAGE_VERSION ""
#define PRINTF_HAS_LONG_DOUBLE 1
#define PRINTF_HAS_LONG_LONG 1
#define PTRACE_TYPE_ARG3 caddr_t
#define PTRACE_TYPE_RET int
#define RETSIGTYPE void
#define SCANF_HAS_LONG_DOUBLE 1
#define STDC_HEADERS 1
#define STDC_HEADERS 1
#define USE_INCLUDED_REGEX 1
#define _GNU_SOURCE 1

configure: exit 0

## ---------------------- ##
## Running config.status. ##
## ---------------------- ##

This file was extended by config.status, which was
generated by GNU Autoconf 2.59.  Invocation command line was

  CONFIG_FILES    = 
  CONFIG_HEADERS  = 
  CONFIG_LINKS    = 
  CONFIG_COMMANDS = 
  $ config.status 

on zigzagoon.lan

config.status:814: creating Makefile
config.status:814: creating .gdbinit
config.status:911: creating config.h
config.status:1299: config.h is unchanged
config.status:1356: linking .././gdb/config/arm/tm-arm-macosx.h to tm.h
config.status:1593: executing default commands
