This file contains any messages produced by compilers while
running configure, to aid debugging if configure makes a mistake.

It was created by configure, which was
generated by GNU Autoconf 2.59.  Invocation command line was

  $ ../.././gdb/rdi-share/configure --prefix=/usr/local --disable-shared --enable-64-bit-bfd --disable-softfloat --cache-file=./config.cache --build=i686-apple-darwin8.10.1 --host=i686-apple-darwin8.10.1 --target=arm-unknown-darwin --program-transform-name=s,^,arm-darwin-, --srcdir=.././gdb CC=gcc CFLAGS=-g -O2  LDFLAGS= build_alias=i686-apple-darwin8.10.1 host_alias=i686-apple-darwin8.10.1 target_alias=arm-unknown-darwin --cache-file=.././config.cache --srcdir=../.././gdb/rdi-share

## --------- ##
## Platform. ##
## --------- ##

hostname = zigzagoon.lan
uname -m = i386
uname -r = 8.10.1
uname -s = Darwin
uname -v = Darwin Kernel Version 8.10.1: Wed May 23 16:33:00 PDT 2007; root:xnu-792.22.5~1/RELEASE_I386

/usr/bin/uname -p = i386
/bin/uname -X     = unknown

/bin/arch              = unknown
/usr/bin/arch -k       = unknown
/usr/convex/getsysinfo = unknown
hostinfo               = Mach kernel version:
	 Darwin Kernel Version 8.10.1: Wed May 23 16:33:00 PDT 2007; root:xnu-792.22.5~1/RELEASE_I386
Kernel configured for up to 2 processors.
2 processors are physically available.
2 processors are logically available.
Processor type: i486 (Intel 80486)
Processors active: 0 1
Primary memory available: 2.00 gigabytes
Default processor set: 119 tasks, 275 threads, 2 processors
Load average: 1.07, Mach factor: 1.01
/bin/machine           = unknown
/usr/bin/oslevel       = unknown
/bin/universe          = unknown

PATH: /sw/bin
PATH: /sw/sbin
PATH: /bin
PATH: /sbin
PATH: /usr/bin
PATH: /usr/sbin
PATH: /usr/local/bin
PATH: /usr/local/teTeX/bin/i386-apple-darwin-current
PATH: /usr/local/bin
PATH: /usr/local/smlnj-110.62/bin
PATH: /usr/X11R6/bin


## ----------- ##
## Core tests. ##
## ----------- ##

configure:1212: loading cache .././config.cache
configure:1340: checking for a BSD-compatible install
configure:1395: result: /usr/bin/install -c
configure:1406: checking whether build environment is sane
configure:1449: result: yes
configure:1514: checking for gawk
configure:1540: result: awk
configure:1550: checking whether make sets $(MAKE)
configure:1570: result: yes
configure:1750: checking for i686-apple-darwin8.10.1-gcc
configure:1776: result: gcc
configure:2058: checking for C compiler version
configure:2061: gcc --version </dev/null >&5
i686-apple-darwin8-gcc-4.0.1 (GCC) 4.0.1 (Apple Computer, Inc. build 5367)
Copyright (C) 2005 Free Software Foundation, Inc.
This is free software; see the source for copying conditions.  There is NO
warranty; not even for MERCHANTABILITY or FITNESS FOR A PARTICULAR PURPOSE.

configure:2064: $? = 0
configure:2066: gcc -v </dev/null >&5
Using built-in specs.
Target: i686-apple-darwin8
Configured with: /private/var/tmp/gcc/gcc-5367.obj~1/src/configure --disable-checking -enable-werror --prefix=/usr --mandir=/share/man --enable-languages=c,objc,c++,obj-c++ --program-transform-name=/^[cg][^.-]*$/s/$/-4.0/ --with-gxx-include-dir=/include/c++/4.0.0 --with-slibdir=/usr/lib --build=powerpc-apple-darwin8 --with-arch=nocona --with-tune=generic --program-prefix= --host=i686-apple-darwin8 --target=i686-apple-darwin8
Thread model: posix
gcc version 4.0.1 (Apple Computer, Inc. build 5367)
configure:2069: $? = 0
configure:2071: gcc -V </dev/null >&5
gcc: argument to `-V' is missing
configure:2074: $? = 1
configure:2097: checking for C compiler default output file name
configure:2100: gcc -g -O2    conftest.c  >&5
configure:2103: $? = 0
configure:2149: result: a.out
configure:2154: checking whether the C compiler works
configure:2160: ./a.out
configure:2163: $? = 0
configure:2180: result: yes
configure:2187: checking whether we are cross compiling
configure:2189: result: no
configure:2192: checking for suffix of executables
configure:2194: gcc -o conftest -g -O2    conftest.c  >&5
configure:2197: $? = 0
configure:2222: result: 
configure:2228: checking for suffix of object files
configure:2274: result: o
configure:2278: checking whether we are using the GNU C compiler
configure:2334: result: yes
configure:2340: checking whether gcc accepts -g
configure:2391: result: yes
configure:2408: checking for gcc option to accept ANSI C
configure:2515: result: none needed
configure:2533: gcc -c -g -O2   conftest.c >&5
conftest.c:2: error: parse error before 'me'
configure:2539: $? = 1
configure: failed program was:
| #ifndef __cplusplus
|   choke me
| #endif
configure:2683: checking for style of include used by make
configure:2711: result: GNU
configure:2739: checking dependency style of gcc
configure:2829: result: gcc3
configure:2859: checking for a BSD-compatible install
configure:2914: result: /usr/bin/install -c
configure:2925: checking whether make sets $(MAKE)
configure:2945: result: yes
configure:2957: checking for i686-apple-darwin8.10.1-ranlib
configure:2983: result: ranlib
configure:3042: checking how to run the C preprocessor
configure:3160: result: gcc -E
configure:3184: gcc -E  conftest.c
configure:3190: $? = 0
configure:3222: gcc -E  conftest.c
conftest.c:11:28: error: ac_nonexistent.h: No such file or directory
configure:3228: $? = 1
configure: failed program was:
| /* confdefs.h.  */
| 
| #define PACKAGE_NAME ""
| #define PACKAGE_TARNAME ""
| #define PACKAGE_VERSION ""
| #define PACKAGE_STRING ""
| #define PACKAGE_BUGREPORT ""
| #define PACKAGE "rdi-share"
| #define VERSION "1.0"
| /* end confdefs.h.  */
| #include <ac_nonexistent.h>
configure:3272: checking for egrep
configure:3282: result: grep -E
configure:3287: checking for ANSI C header files
configure:3440: result: yes
configure:3464: checking for sys/types.h
configure:3510: result: yes
configure:3464: checking for sys/stat.h
configure:3510: result: yes
configure:3464: checking for stdlib.h
configure:3510: result: yes
configure:3464: checking for string.h
configure:3510: result: yes
configure:3464: checking for memory.h
configure:3510: result: yes
configure:3464: checking for strings.h
configure:3510: result: yes
configure:3464: checking for inttypes.h
configure:3510: result: yes
configure:3464: checking for stdint.h
configure:3510: result: yes
configure:3464: checking for unistd.h
configure:3510: result: yes
configure:3540: checking fcntl.h usability
configure:3552: gcc -c -g -O2   conftest.c >&5
configure:3558: $? = 0
configure:3562: test -z 
			 || test ! -s conftest.err
configure:3565: $? = 0
configure:3568: test -s conftest.o
configure:3571: $? = 0
configure:3581: result: yes
configure:3585: checking fcntl.h presence
configure:3595: gcc -E  conftest.c
configure:3601: $? = 0
configure:3621: result: yes
configure:3656: checking for fcntl.h
configure:3663: result: yes
configure:3531: checking for sys/ioctl.h
configure:3536: result: yes
configure:3540: checking sys/time.h usability
configure:3552: gcc -c -g -O2   conftest.c >&5
configure:3558: $? = 0
configure:3562: test -z 
			 || test ! -s conftest.err
configure:3565: $? = 0
configure:3568: test -s conftest.o
configure:3571: $? = 0
configure:3581: result: yes
configure:3585: checking sys/time.h presence
configure:3595: gcc -E  conftest.c
configure:3601: $? = 0
configure:3621: result: yes
configure:3656: checking for sys/time.h
configure:3663: result: yes
configure:3531: checking for unistd.h
configure:3536: result: yes
configure:3531: checking for sys/filio.h
configure:3536: result: yes
configure:3677: checking for an ANSI C-conforming const
configure:3774: result: yes
configure:3784: checking for size_t
configure:3838: result: yes
configure:3850: checking whether time.h and sys/time.h may both be included
configure:3875: gcc -c -g -O2   conftest.c >&5
configure:3881: $? = 0
configure:3885: test -z 
			 || test ! -s conftest.err
configure:3888: $? = 0
configure:3891: test -s conftest.o
configure:3894: $? = 0
configure:3905: result: yes
configure:3917: checking whether gcc needs -traditional
conftest.c:27:20: error: termio.h: No such file or directory
configure:3959: result: no
configure:3966: checking return type of signal handlers
configure:4027: result: void
configure:4039: checking for vprintf
configure:4096: gcc -o conftest -g -O2    conftest.c  >&5
conftest.c:52: warning: conflicting types for built-in function 'vprintf'
configure:4102: $? = 0
configure:4106: test -z 
			 || test ! -s conftest.err
configure:4109: $? = 0
configure:4112: test -s conftest
configure:4115: $? = 0
configure:4127: result: yes
configure:4134: checking for _doprnt
configure:4191: gcc -o conftest -g -O2    conftest.c  >&5
/usr/bin/ld: Undefined symbols:
__doprnt
collect2: ld returned 1 exit status
configure:4197: $? = 1
configure: failed program was:
| /* confdefs.h.  */
| 
| #define PACKAGE_NAME ""
| #define PACKAGE_TARNAME ""
| #define PACKAGE_VERSION ""
| #define PACKAGE_STRING ""
| #define PACKAGE_BUGREPORT ""
| #define PACKAGE "rdi-share"
| #define VERSION "1.0"
| #define STDC_HEADERS 1
| #define HAVE_SYS_TYPES_H 1
| #define HAVE_SYS_STAT_H 1
| #define HAVE_STDLIB_H 1
| #define HAVE_STRING_H 1
| #define HAVE_MEMORY_H 1
| #define HAVE_STRINGS_H 1
| #define HAVE_INTTYPES_H 1
| #define HAVE_STDINT_H 1
| #define HAVE_UNISTD_H 1
| #define HAVE_FCNTL_H 1
| #define HAVE_SYS_IOCTL_H 1
| #define HAVE_SYS_TIME_H 1
| #define HAVE_UNISTD_H 1
| #define HAVE_SYS_FILIO_H 1
| #define TIME_WITH_SYS_TIME 1
| #define RETSIGTYPE void
| #define HAVE_VPRINTF 1
| /* end confdefs.h.  */
| /* Define _doprnt to an innocuous variant, in case <limits.h> declares _doprnt.
|    For example, HP-UX 11i <limits.h> declares gettimeofday.  */
| #define _doprnt innocuous__doprnt
| 
| /* System header to define __stub macros and hopefully few prototypes,
|     which can conflict with char _doprnt (); below.
|     Prefer <limits.h> to <assert.h> if __STDC__ is defined, since
|     <limits.h> exists even on freestanding compilers.  */
| 
| #ifdef __STDC__
| # include <limits.h>
| #else
| # include <assert.h>
| #endif
| 
| #undef _doprnt
| 
| /* Override any gcc2 internal prototype to avoid an error.  */
| #ifdef __cplusplus
| extern "C"
| {
| #endif
| /* We use char because int might match the return type of a gcc2
|    builtin and then its argument prototype would still apply.  */
| char _doprnt ();
| /* The GNU C library defines this for functions which it implements
|     to always fail with ENOSYS.  Some functions are actually named
|     something starting with __ and the normal name is an alias.  */
| #if defined (__stub__doprnt) || defined (__stub____doprnt)
| choke me
| #else
| char (*f) () = _doprnt;
| #endif
| #ifdef __cplusplus
| }
| #endif
| 
| int
| main ()
| {
| return f != _doprnt;
|   ;
|   return 0;
| }
configure:4222: result: no
configure:4246: checking for gettimeofday
configure:4303: gcc -o conftest -g -O2    conftest.c  >&5
configure:4309: $? = 0
configure:4313: test -z 
			 || test ! -s conftest.err
configure:4316: $? = 0
configure:4319: test -s conftest
configure:4322: $? = 0
configure:4334: result: yes
configure:4246: checking for select
configure:4303: gcc -o conftest -g -O2    conftest.c  >&5
configure:4309: $? = 0
configure:4313: test -z 
			 || test ! -s conftest.err
configure:4316: $? = 0
configure:4319: test -s conftest
configure:4322: $? = 0
configure:4334: result: yes
configure:4246: checking for socket
configure:4303: gcc -o conftest -g -O2    conftest.c  >&5
configure:4309: $? = 0
configure:4313: test -z 
			 || test ! -s conftest.err
configure:4316: $? = 0
configure:4319: test -s conftest
configure:4322: $? = 0
configure:4334: result: yes
configure:4246: checking for strtod
configure:4303: gcc -o conftest -g -O2    conftest.c  >&5
configure:4309: $? = 0
configure:4313: test -z 
			 || test ! -s conftest.err
configure:4316: $? = 0
configure:4319: test -s conftest
configure:4322: $? = 0
configure:4334: result: yes
configure:4246: checking for strtoul
configure:4303: gcc -o conftest -g -O2    conftest.c  >&5
configure:4309: $? = 0
configure:4313: test -z 
			 || test ! -s conftest.err
configure:4316: $? = 0
configure:4319: test -s conftest
configure:4322: $? = 0
configure:4334: result: yes
configure:4246: checking for memcpy
configure:4303: gcc -o conftest -g -O2    conftest.c  >&5
conftest.c:58: warning: conflicting types for built-in function 'memcpy'
configure:4309: $? = 0
configure:4313: test -z 
			 || test ! -s conftest.err
configure:4316: $? = 0
configure:4319: test -s conftest
configure:4322: $? = 0
configure:4334: result: yes
configure:4246: checking for memmove
configure:4303: gcc -o conftest -g -O2    conftest.c  >&5
conftest.c:59: warning: conflicting types for built-in function 'memmove'
configure:4309: $? = 0
configure:4313: test -z 
			 || test ! -s conftest.err
configure:4316: $? = 0
configure:4319: test -s conftest
configure:4322: $? = 0
configure:4334: result: yes
configure:4345: checking whether to enable maintainer-specific portions of Makefiles
configure:4354: result: no
configure:4519: creating ./config.status

## ---------------------- ##
## Running config.status. ##
## ---------------------- ##

This file was extended by config.status, which was
generated by GNU Autoconf 2.59.  Invocation command line was

  CONFIG_FILES    = 
  CONFIG_HEADERS  = 
  CONFIG_LINKS    = 
  CONFIG_COMMANDS = 
  $ ./config.status 

on zigzagoon.lan

config.status:686: creating Makefile
config.status:862: executing depfiles commands

## ---------------- ##
## Cache variables. ##
## ---------------- ##

ac_cv_archive_cmds_needs_lc=yes
ac_cv_build=i686-apple-darwin8.10.1
ac_cv_build_alias=i686-apple-darwin8.10.1
ac_cv_c_compiler_gnu=yes
ac_cv_c_const=yes
ac_cv_c_inline=inline
ac_cv_env_CC_set=set
ac_cv_env_CC_value=gcc
ac_cv_env_CFLAGS_set=set
ac_cv_env_CFLAGS_value='-g -O2 '
ac_cv_env_CPPFLAGS_set=
ac_cv_env_CPPFLAGS_value=
ac_cv_env_CPP_set=
ac_cv_env_CPP_value=
ac_cv_env_LDFLAGS_set=set
ac_cv_env_LDFLAGS_value=
ac_cv_env_build_alias_set=set
ac_cv_env_build_alias_value=i686-apple-darwin8.10.1
ac_cv_env_host_alias_set=set
ac_cv_env_host_alias_value=i686-apple-darwin8.10.1
ac_cv_env_target_alias_set=set
ac_cv_env_target_alias_value=arm-unknown-darwin
ac_cv_exeext=
ac_cv_func___argz_count=no
ac_cv_func___argz_next=no
ac_cv_func___argz_stringify=no
ac_cv_func__doprnt=no
ac_cv_func__mcleanup=no
ac_cv_func_alloca_works=yes
ac_cv_func_canonicalize_file_name=no
ac_cv_func_fork=yes
ac_cv_func_fork_works=yes
ac_cv_func_getcwd=yes
ac_cv_func_getgid=yes
ac_cv_func_getpagesize=yes
ac_cv_func_gettimeofday=yes
ac_cv_func_getuid=yes
ac_cv_func_memcpy=yes
ac_cv_func_memmove=yes
ac_cv_func_mmap_fixed_mapped=yes
ac_cv_func_monstartup=yes
ac_cv_func_munmap=yes
ac_cv_func_poll=yes
ac_cv_func_pread64=no
ac_cv_func_putenv=yes
ac_cv_func_realpath=yes
ac_cv_func_sbrk=yes
ac_cv_func_select=yes
ac_cv_func_setenv=yes
ac_cv_func_setlocale=yes
ac_cv_func_setpgid=yes
ac_cv_func_setpgrp=yes
ac_cv_func_setpgrp_void=no
ac_cv_func_sigaction=yes
ac_cv_func_sigprocmask=yes
ac_cv_func_sigsetmask=yes
ac_cv_func_socket=yes
ac_cv_func_socketpair=yes
ac_cv_func_stpcpy=yes
ac_cv_func_strcasecmp=yes
ac_cv_func_strchr=yes
ac_cv_func_strtod=yes
ac_cv_func_strtoul=yes
ac_cv_func_syscall=yes
ac_cv_func_ttrace=no
ac_cv_func_vfork=yes
ac_cv_func_vfork_works=yes
ac_cv_func_vprintf=yes
ac_cv_func_wborder=yes
ac_cv_func_wctype=yes
ac_cv_have_decl_free=yes
ac_cv_have_decl_getopt=yes
ac_cv_have_decl_malloc=yes
ac_cv_have_decl_ptrace=yes
ac_cv_have_decl_realloc=yes
ac_cv_have_decl_snprintf=yes
ac_cv_have_decl_strerror=yes
ac_cv_have_decl_strstr=yes
ac_cv_have_decl_vsnprintf=yes
ac_cv_have_x='have_x=yes 		ac_x_includes=/usr/X11R6/include ac_x_libraries=/usr/X11R6/lib'
ac_cv_header_argz_h=no
ac_cv_header_ctype_h=yes
ac_cv_header_cursesX_h=no
ac_cv_header_curses_h=yes
ac_cv_header_dirent_dirent_h=yes
ac_cv_header_fcntl_h=yes
ac_cv_header_gnu_libc_version_h=no
ac_cv_header_inttypes_h=yes
ac_cv_header_libintl_h=yes
ac_cv_header_libunwind_h=no
ac_cv_header_libunwind_ia64_h=no
ac_cv_header_libxml_parser_h=yes
ac_cv_header_libxml_tree_h=yes
ac_cv_header_limits_h=yes
ac_cv_header_link_h=no
ac_cv_header_locale_h=yes
ac_cv_header_machine_reg_h=no
ac_cv_header_malloc_h=no
ac_cv_header_memory_h=yes
ac_cv_header_ncurses_h=yes
ac_cv_header_ncurses_ncurses_h=no
ac_cv_header_ncurses_term_h=no
ac_cv_header_nl_types_h=yes
ac_cv_header_nlist_h=yes
ac_cv_header_poll_h=yes
ac_cv_header_proc_service_h=no
ac_cv_header_pthread_h=yes
ac_cv_header_ptrace_h=no
ac_cv_header_sgtty_h=yes
ac_cv_header_stat_broken=no
ac_cv_header_stdc=yes
ac_cv_header_stddef_h=yes
ac_cv_header_stdint_h=yes
ac_cv_header_stdlib_h=yes
ac_cv_header_string_h=yes
ac_cv_header_strings_h=yes
ac_cv_header_sys_debugreg_h=no
ac_cv_header_sys_fault_h=no
ac_cv_header_sys_file_h=yes
ac_cv_header_sys_filio_h=yes
ac_cv_header_sys_ioctl_h=yes
ac_cv_header_sys_param_h=yes
ac_cv_header_sys_poll_h=yes
ac_cv_header_sys_proc_h=yes
ac_cv_header_sys_procfs_h=no
ac_cv_header_sys_ptrace_h=yes
ac_cv_header_sys_reg_h=no
ac_cv_header_sys_select_h=yes
ac_cv_header_sys_stat_h=yes
ac_cv_header_sys_syscall_h=yes
ac_cv_header_sys_time_h=yes
ac_cv_header_sys_types_h=yes
ac_cv_header_sys_user_h=yes
ac_cv_header_sys_wait_h=yes
ac_cv_header_term_h=yes
ac_cv_header_termio_h=no
ac_cv_header_termios_h=yes
ac_cv_header_thread_db_h=no
ac_cv_header_time=yes
ac_cv_header_time_h=yes
ac_cv_header_unistd_h=yes
ac_cv_header_values_h=no
ac_cv_header_vfork_h=no
ac_cv_header_wait_h=no
ac_cv_host=i686-apple-darwin8.10.1
ac_cv_host_alias=i686-apple-darwin8.10.1
ac_cv_lib_intl_bindtextdomain=yes
ac_cv_lib_m_main=yes
ac_cv_lib_xml2_xmlParseFile=yes
ac_cv_member_struct_reg_r_fs=no
ac_cv_member_struct_reg_r_gs=no
ac_cv_member_struct_stat_st_blksize=yes
ac_cv_member_struct_stat_st_blocks=yes
ac_cv_member_struct_thread_td_pcb=no
ac_cv_objext=o
ac_cv_path_GMSGFMT=/sw/bin/msgfmt
ac_cv_path_LIBXML2_CONFIG=/sw/bin/xml2-config
ac_cv_path_MSGFMT=/sw/bin/msgfmt
ac_cv_path_XGETTEXT=/sw/bin/xgettext
ac_cv_path_install='/usr/bin/install -c'
ac_cv_prog_AR=ar
ac_cv_prog_AWK=awk
ac_cv_prog_CC=gcc
ac_cv_prog_CPP='gcc -E'
ac_cv_prog_DLLTOOL=dlltool
ac_cv_prog_RANLIB=ranlib
ac_cv_prog_WINDRES=windres
ac_cv_prog_YACC='bison -y'
ac_cv_prog_ac_ct_MIG=mig
ac_cv_prog_ac_ct_STRIP=strip
ac_cv_prog_cc_can_build_shared=yes
ac_cv_prog_cc_g=yes
ac_cv_prog_cc_no_builtin=
ac_cv_prog_cc_pic='  -DPIC'
ac_cv_prog_cc_pic_works=yes
ac_cv_prog_cc_shlib=
ac_cv_prog_cc_static=
ac_cv_prog_cc_static_works=no
ac_cv_prog_cc_stdc=
ac_cv_prog_cc_wl=-Wl,
ac_cv_prog_egrep='grep -E'
ac_cv_prog_gcc_traditional=no
ac_cv_prog_make_make_set=yes
ac_cv_search_gethostbyname='none required'
ac_cv_search_opendir='none required'
ac_cv_search_socketpair='none required'
ac_cv_search_strerror='none required'
ac_cv_search_tgetent='none required'
ac_cv_search_waddstr=-lncurses
ac_cv_target=arm-unknown-darwin
ac_cv_target_alias=arm-unknown-darwin
ac_cv_type_off_t=yes
ac_cv_type_pid_t=yes
ac_cv_type_signal=void
ac_cv_type_size_t=yes
ac_cv_type_socklen_t=yes
ac_cv_type_uintptr_t=yes
ac_cv_var__etext=no
ac_cv_working_alloca_h=yes
am_cv_CC_dependencies_compiler_type=gcc3
am_cv_func_iconv=yes
am_cv_lib_iconv=yes
am_cv_prog_cc_stdc=
am_cv_proto_iconv='extern size_t iconv (iconv_t cd, const char * *inbuf, size_t *inbytesleft, char * *outbuf, size_t *outbytesleft);'
am_cv_proto_iconv_arg1=const
am_cv_val_LC_MESSAGES=yes
gdb_cv_c_long_double=yes
gdb_cv_c_long_long=yes
gdb_cv_func_ptrace_args=int,pid_t,caddr_t,int
gdb_cv_func_ptrace_ret=int
gdb_cv_func_sigsetjmp=yes
gdb_cv_have_gnu_regex=no
gdb_cv_have_pt_getdbregs=no
gdb_cv_have_pt_getxmmregs=no
gdb_cv_have_ptrace_getfpxregs=no
gdb_cv_have_ptrace_getregs=no
gdb_cv_os_cygwin=no
gdb_cv_printf_has_long_double=yes
gdb_cv_printf_has_long_long=yes
gdb_cv_scanf_has_long_double=yes
gdb_cv_struct_lwp=no
gdb_cv_struct_reg=no
gdb_cv_sys_syscall_h_has_tkill=no
gt_cv_func_gettext_libc=no
gt_cv_func_gettext_libintl=no
lt_cv_compiler_c_o=yes
lt_cv_deplibs_check_method='file_magic Mach-O dynamically linked shared library'
lt_cv_file_magic_cmd='/usr/bin/file -L'
lt_cv_file_magic_test_file=/usr/lib/libSystem.dylib
lt_cv_ld_reload_flag=-r
lt_cv_path_LD=ld
lt_cv_path_NM=nm
lt_cv_prog_cc_pic=-fno-common
lt_cv_prog_gnu_ld=no
lt_cv_sys_max_cmd_len=98305
nls_cv_force_use_gnu_gettext=no
nls_cv_header_intl=libintl.h
nls_cv_header_libgt=libgettext.h
nls_cv_use_gnu_gettext=yes

## ----------------- ##
## Output variables. ##
## ----------------- ##

ACLOCAL='${SHELL} /Users/pcwalton/Projects/iphone-binutils/gdb/src/missing --run aclocal-1.9'
AMDEPBACKSLASH='\'
AMDEP_FALSE='#'
AMDEP_TRUE=''
AMTAR='${SHELL} /Users/pcwalton/Projects/iphone-binutils/gdb/src/missing --run tar'
AUTOCONF='${SHELL} /Users/pcwalton/Projects/iphone-binutils/gdb/src/missing --run autoconf'
AUTOHEADER='${SHELL} /Users/pcwalton/Projects/iphone-binutils/gdb/src/missing --run autoheader'
AUTOMAKE='${SHELL} /Users/pcwalton/Projects/iphone-binutils/gdb/src/missing --run automake-1.9'
AWK='awk'
CC='gcc'
CCDEPMODE='depmode=gcc3'
CFLAGS='-g -O2 '
CPP='gcc -E'
CPPFLAGS=''
CYGPATH_W='echo'
DEFS='-DPACKAGE_NAME=\"\" -DPACKAGE_TARNAME=\"\" -DPACKAGE_VERSION=\"\" -DPACKAGE_STRING=\"\" -DPACKAGE_BUGREPORT=\"\" -DPACKAGE=\"rdi-share\" -DVERSION=\"1.0\" -DSTDC_HEADERS=1 -DHAVE_SYS_TYPES_H=1 -DHAVE_SYS_STAT_H=1 -DHAVE_STDLIB_H=1 -DHAVE_STRING_H=1 -DHAVE_MEMORY_H=1 -DHAVE_STRINGS_H=1 -DHAVE_INTTYPES_H=1 -DHAVE_STDINT_H=1 -DHAVE_UNISTD_H=1 -DHAVE_FCNTL_H=1 -DHAVE_SYS_IOCTL_H=1 -DHAVE_SYS_TIME_H=1 -DHAVE_UNISTD_H=1 -DHAVE_SYS_FILIO_H=1 -DTIME_WITH_SYS_TIME=1 -DRETSIGTYPE=void -DHAVE_VPRINTF=1 -DHAVE_GETTIMEOFDAY=1 -DHAVE_SELECT=1 -DHAVE_SOCKET=1 -DHAVE_STRTOD=1 -DHAVE_STRTOUL=1 -DHAVE_MEMCPY=1 -DHAVE_MEMMOVE=1 '
DEPDIR='.deps'
ECHO_C=''
ECHO_N='-n'
ECHO_T=''
EGREP='grep -E'
EXEEXT=''
INSTALL_DATA='${INSTALL} -m 644'
INSTALL_PROGRAM='${INSTALL}'
INSTALL_SCRIPT='${INSTALL}'
INSTALL_STRIP_PROGRAM='${SHELL} $(install_sh) -c -s'
LDFLAGS=''
LIBOBJS=''
LIBS=''
LTLIBOBJS=''
MAINT='#'
MAINTAINER_MODE_FALSE=''
MAINTAINER_MODE_TRUE='#'
MAKEINFO='makeinfo'
OBJEXT='o'
PACKAGE='rdi-share'
PACKAGE_BUGREPORT=''
PACKAGE_NAME=''
PACKAGE_STRING=''
PACKAGE_TARNAME=''
PACKAGE_VERSION=''
PATH_SEPARATOR=':'
RANLIB='ranlib'
SET_MAKE=''
SHELL='/bin/sh'
STRIP=''
VERSION='1.0'
ac_ct_CC=''
ac_ct_RANLIB=''
ac_ct_STRIP=''
am__fastdepCC_FALSE='#'
am__fastdepCC_TRUE=''
am__include='include'
am__leading_dot='.'
am__quote=''
am__tar='${AMTAR} chof - "$$tardir"'
am__untar='${AMTAR} xf -'
bindir='${exec_prefix}/bin'
build_alias='i686-apple-darwin8.10.1'
datadir='${prefix}/share'
exec_prefix='${prefix}'
host_alias='i686-apple-darwin8.10.1'
includedir='${prefix}/include'
infodir='${prefix}/info'
install_sh='/Users/pcwalton/Projects/iphone-binutils/gdb/src/install-sh'
libdir='${exec_prefix}/lib'
libexecdir='${exec_prefix}/libexec'
localstatedir='${prefix}/var'
mandir='${prefix}/man'
mkdir_p='$(mkinstalldirs)'
oldincludedir='/usr/include'
prefix='/usr/local'
program_transform_name='s,^,arm-darwin-,'
sbindir='${exec_prefix}/sbin'
sharedstatedir='${prefix}/com'
sysconfdir='${prefix}/etc'
target_alias='arm-unknown-darwin'

## ----------- ##
## confdefs.h. ##
## ----------- ##

#define HAVE_FCNTL_H 1
#define HAVE_GETTIMEOFDAY 1
#define HAVE_INTTYPES_H 1
#define HAVE_MEMCPY 1
#define HAVE_MEMMOVE 1
#define HAVE_MEMORY_H 1
#define HAVE_SELECT 1
#define HAVE_SOCKET 1
#define HAVE_STDINT_H 1
#define HAVE_STDLIB_H 1
#define HAVE_STRINGS_H 1
#define HAVE_STRING_H 1
#define HAVE_STRTOD 1
#define HAVE_STRTOUL 1
#define HAVE_SYS_FILIO_H 1
#define HAVE_SYS_IOCTL_H 1
#define HAVE_SYS_STAT_H 1
#define HAVE_SYS_TIME_H 1
#define HAVE_SYS_TYPES_H 1
#define HAVE_UNISTD_H 1
#define HAVE_UNISTD_H 1
#define HAVE_VPRINTF 1
#define PACKAGE "rdi-share"
#define PACKAGE_BUGREPORT ""
#define PACKAGE_NAME ""
#define PACKAGE_STRING ""
#define PACKAGE_TARNAME ""
#define PACKAGE_VERSION ""
#define RETSIGTYPE void
#define STDC_HEADERS 1
#define TIME_WITH_SYS_TIME 1
#define VERSION "1.0"

configure: exit 0
